<?xml version="1.0" encoding="UTF-8"?>
<!-- Generated by org.testng.reporters.JUnitXMLReporter -->
<testsuite ignored="0" hostname="DESKTOP-09L7SJA" failures="1" tests="1" name="Test5" time="0.048" errors="0" timestamp="2022-02-03T17:38:13 SGT">
  <testcase classname="org.web.automation.tescases.Time_ibm_web" name="LoginTest" time="0.008">
    <failure type="java.lang.NullPointerException">
      <![CDATA[java.lang.NullPointerException
at org.web.automation.tescases.Time_ibm_web.LoginTest(Time_ibm_web.java:14)
at java.base/java.util.ArrayList.forEach(ArrayList.java:1541)
... Removed 27 stack frames]]>
    </failure>
  </testcase> <!-- LoginTest -->
</testsuite> <!-- Test5 -->
