<?xml version="1.0" encoding="UTF-8"?>
<testng-results ignored="0" total="1" passed="1" failed="0" skipped="0">
  <reporter-output>
  </reporter-output>
  <suite started-at="2022-02-06T22:13:15 SGT" name="Default suite" finished-at="2022-02-06T22:13:42 SGT" duration-ms="27545">
    <groups>
    </groups>
    <test started-at="2022-02-06T22:13:15 SGT" name="Default test" finished-at="2022-02-06T22:13:42 SGT" duration-ms="27545">
      <class name="web.automation.testcases.TestCaseClass">
        <test-method is-config="true" signature="setupMethod()[pri:0, instance:web.automation.testcases.TestCaseClass@73e9cf30]" started-at="2022-02-06T22:13:15 SGT" name="setupMethod" finished-at="2022-02-06T22:13:15 SGT" duration-ms="4" status="PASS">
          <reporter-output>
          </reporter-output>
        </test-method> <!-- setupMethod -->
        <test-method signature="TC_003()[pri:1, instance:web.automation.testcases.TestCaseClass@73e9cf30]" started-at="2022-02-06T22:13:15 SGT" name="TC_003" description="Take Screenshot view buttons" finished-at="2022-02-06T22:13:42 SGT" duration-ms="27487" status="PASS">
          <reporter-output>
          </reporter-output>
        </test-method> <!-- TC_003 -->
        <test-method is-config="true" signature="cleanUp()[pri:0, instance:web.automation.testcases.TestCaseClass@73e9cf30]" started-at="2022-02-06T22:13:42 SGT" name="cleanUp" finished-at="2022-02-06T22:13:42 SGT" duration-ms="1" status="PASS">
          <reporter-output>
          </reporter-output>
        </test-method> <!-- cleanUp -->
      </class> <!-- web.automation.testcases.TestCaseClass -->
    </test> <!-- Default test -->
  </suite> <!-- Default suite -->
</testng-results>
